<?xml version="1.0" encoding="UTF-8"?>
<!-- Generated by org.testng.reporters.JUnitReportReporter -->
<testsuite hostname="Prudhvirajs-MacBook-Air.local" failures="0" tests="4" name="SeleniumFramworkTest.StandAloneTest" time="29.659" errors="0" timestamp="2024-01-30T20:18:42 EST" skipped="0">
  <testcase classname="SeleniumFramworkTest.StandAloneTest" name="submitOrder" time="8.818"/>
  <system-out/>
  <testcase classname="SeleniumFramworkTest.StandAloneTest" name="submitOrder" time="8.723"/>
  <system-out/>
  <testcase classname="SeleniumFramworkTest.StandAloneTest" name="orderHistoryTest" time="6.562"/>
  <system-out/>
  <testcase classname="SeleniumFramworkTest.StandAloneTest" name="orderHistoryTest" time="5.556"/>
  <system-out/>
</testsuite> <!-- SeleniumFramworkTest.StandAloneTest -->
