<?xml version="1.0" encoding="UTF-8"?>
<!-- Generated by org.testng.reporters.JUnitReportReporter -->
<testsuite hostname="Prudhvirajs-MacBook-Air.local" failures="0" tests="1" name="SeleniumFramworkTest.LoginErrorValidation" time="5.989" errors="0" timestamp="2024-01-27T19:48:35 EST" skipped="0">
  <testcase classname="SeleniumFramworkTest.LoginErrorValidation" name="submitOrder" time="5.989"/>
  <system-out/>
</testsuite> <!-- SeleniumFramworkTest.LoginErrorValidation -->
