<?xml version="1.0" encoding="UTF-8"?>
<!-- Generated by org.testng.reporters.JUnitReportReporter -->
<testsuite hostname="Raj" failures="0" tests="1" name="SeleniumFramworkTest.ErrorValidationTest" time="10.863" errors="0" timestamp="2024-02-14T10:28:31 PST" skipped="0">
  <testcase classname="SeleniumFramworkTest.ErrorValidationTest" name="productErrorValidation" time="10.863"/>
</testsuite> <!-- SeleniumFramworkTest.ErrorValidationTest -->
