<?xml version="1.0" encoding="UTF-8"?>
<!-- Generated by org.testng.reporters.JUnitReportReporter -->
<testsuite hostname="Prudhvirajs-Air" failures="0" tests="2" name="Cucumber.TestNGTestRunner" time="11.452" errors="0" timestamp="2024-02-08T12:48:23 EST" skipped="0">
  <testcase classname="Cucumber.TestNGTestRunner" name="runScenario" time="6.556"/>
  <system-out/>
  <testcase classname="Cucumber.TestNGTestRunner" name="runScenario" time="4.896"/>
  <system-out/>
</testsuite> <!-- Cucumber.TestNGTestRunner -->
