<?xml version="1.0" encoding="UTF-8"?>
<!-- Generated by org.testng.reporters.JUnitReportReporter -->
<testsuite hostname="Prudhvirajs-Air" failures="0" tests="2" name="SeleniumFramworkTest.ErrorValidationTest" time="14.785" errors="0" timestamp="2024-02-08T13:20:33 EST" skipped="0">
  <testcase classname="SeleniumFramworkTest.ErrorValidationTest" name="productErrorValidation" time="7.893"/>
  <testcase classname="SeleniumFramworkTest.ErrorValidationTest" name="submitOrder" time="6.892"/>
</testsuite> <!-- SeleniumFramworkTest.ErrorValidationTest -->
