<?xml version="1.0" encoding="UTF-8"?>
<!-- Generated by org.testng.reporters.JUnitReportReporter -->
<testsuite hostname="Prudhvirajs-Air" failures="0" tests="2" name="Cucumber.TestNGTestRunner" time="39.837" errors="0" timestamp="2024-02-08T13:13:32 EST" skipped="0">
  <testcase classname="Cucumber.TestNGTestRunner" name="runScenario" time="32.449"/>
  <testcase classname="Cucumber.TestNGTestRunner" name="runScenario" time="7.388"/>
</testsuite> <!-- Cucumber.TestNGTestRunner -->
