<?xml version="1.0" encoding="UTF-8"?>
<!-- Generated by org.testng.reporters.JUnitReportReporter -->
<testsuite hostname="Prudhvirajs-Air" failures="0" tests="4" name="SeleniumFramworkTest.StandAloneTest" time="30.930" errors="0" timestamp="2024-02-08T13:20:33 EST" skipped="0">
  <testcase classname="SeleniumFramworkTest.StandAloneTest" name="orderHistoryTest" time="4.831"/>
  <testcase classname="SeleniumFramworkTest.StandAloneTest" name="submitOrder" time="11.327"/>
  <testcase classname="SeleniumFramworkTest.StandAloneTest" name="submitOrder" time="9.135"/>
  <testcase classname="SeleniumFramworkTest.StandAloneTest" name="orderHistoryTest" time="5.637"/>
</testsuite> <!-- SeleniumFramworkTest.StandAloneTest -->
